Arguments: 
  /usr/local/Cellar/node/10.7.0/bin/node /usr/local/bin/yarn add express

PATH: 
  /Users/natedeazy/.rvm/gems/ruby-2.4.4/bin:/Users/natedeazy/.rvm/gems/ruby-2.4.4@global/bin:/Users/natedeazy/.rvm/rubies/ruby-2.4.4/bin:/usr/local/bin:/usr/bin:/bin:/usr/sbin:/sbin:/usr/local/share/dotnet:~/.dotnet/tools:/Library/Frameworks/Mono.framework/Versions/Current/Commands:/Users/natedeazy/.rvm/bin

Yarn version: 
  1.7.0

Node version: 
  10.7.0

Platform: 
  darwin x64

Trace: 
  SyntaxError: /Users/natedeazy/projects/newMapCreator/package.json: Unexpected token } in JSON at position 123
      at JSON.parse (<anonymous>)
      at /usr/local/lib/node_modules/yarn/lib/cli.js:1130:59
      at Generator.next (<anonymous>)
      at step (/usr/local/lib/node_modules/yarn/lib/cli.js:98:30)
      at /usr/local/lib/node_modules/yarn/lib/cli.js:109:13

npm manifest: 
  {
    "name": "newmapcreator",
    "version": "0.1.0",
    "private": true,
    "scripts": {
      "start": "react-scripts start",
    }
  }

yarn manifest: 
  No manifest

Lockfile: 
  No lockfile
